<?xml version="1.0" encoding="UTF-8"?>
<!-- Generated by org.testng.reporters.JUnitXMLReporter -->
<testsuite hostname="AMCHLT211" ignored="0" name="Test" tests="3" failures="0" timestamp="19 Sep 2018 17:31:57 GMT" time="90.578" errors="0">
  <testcase name="mavenJenkinTest" time="24.178" classname="jenkinsProject.MavenJenkinsDemo"/>
  <testcase name="loginTest" time="33.786" classname="jenkinsProject.LoginTest"/>
  <testcase name="logoutTest" time="32.583" classname="jenkinsProject.LogoutTest"/>
</testsuite> <!-- Test -->
